<?xml version="1.0" encoding="UTF-8"?>
<testsuite name="TreeTest" tests="1" skipped="0" failures="0" errors="0" timestamp="2023-03-01T19:54:17" hostname="air-nikita" time="0.01">
  <properties/>
  <testcase name="remove()" classname="TreeTest" time="0.01"/>
  <system-out><![CDATA[]]></system-out>
  <system-err><![CDATA[]]></system-err>
</testsuite>
